<?xml version="1.0" encoding="UTF-8"?>
<testsuite name="com.kenzie.caching.goodreads.integration.Phase2Test" tests="4" skipped="0" failures="0" errors="0" timestamp="2023-11-21T07:49:44" hostname="adamlaptop.local" time="33.568">
  <properties/>
  <testcase name="getGoalProgress_TwoEntriesMadeSameUserDiffYears()" classname="com.kenzie.caching.goodreads.integration.Phase2Test" time="12.939"/>
  <testcase name="getGoalProgress_TwoEntriesMadeDiffUsersSameYear()" classname="com.kenzie.caching.goodreads.integration.Phase2Test" time="10.283"/>
  <testcase name="getGoalProgress_cacheHit_quickAndEntryInCache()" classname="com.kenzie.caching.goodreads.integration.Phase2Test" time="5.208"/>
  <testcase name="getGoalProgress_cacheMiss_takesAWhile()" classname="com.kenzie.caching.goodreads.integration.Phase2Test" time="5.122"/>
  <system-out><![CDATA[]]></system-out>
  <system-err><![CDATA[SLF4J: Failed to load class "org.slf4j.impl.StaticLoggerBinder".
SLF4J: Defaulting to no-operation (NOP) logger implementation
SLF4J: See http://www.slf4j.org/codes.html#StaticLoggerBinder for further details.
Nov 21, 2023 2:49:45 AM com.amazonaws.profile.path.cred.CredentialsLegacyConfigLocationProvider getLocation
WARNING: Found the legacy config profiles file at [/Users/adamknight/.aws/config]. Please move it to the latest default location [~/.aws/credentials].
]]></system-err>
</testsuite>
