<?xml version="1.0" encoding="UTF-8"?>
<testsuite name="com.kenzie.caching.leaderboard.CacheClientInvalidationTest" tests="8" skipped="0" failures="0" errors="0" timestamp="2023-11-21T07:15:56" hostname="adamlaptop.local" time="4.402">
  <properties/>
  <testcase name="invalidate_cacheKeyDoesNotExist_returnFalse()" classname="com.kenzie.caching.leaderboard.CacheClientInvalidationTest" time="4.232"/>
  <testcase name="setValue_givenCacheEntry_storesInRedis()" classname="com.kenzie.caching.leaderboard.CacheClientInvalidationTest" time="0.016"/>
  <testcase name="invalidate_cacheKeyExists_removeFromCache()" classname="com.kenzie.caching.leaderboard.CacheClientInvalidationTest" time="0.055"/>
  <testcase name="getValue_cacheMiss_returnsEmptyOptional()" classname="com.kenzie.caching.leaderboard.CacheClientInvalidationTest" time="0.005"/>
  <testcase name="getValue_nullKey_throwsIllegalArgumentException()" classname="com.kenzie.caching.leaderboard.CacheClientInvalidationTest" time="0.02"/>
  <testcase name="getValue_cacheHit_getsData()" classname="com.kenzie.caching.leaderboard.CacheClientInvalidationTest" time="0.03"/>
  <testcase name="invalidate_nullKey_throwsIllegalArgumentException()" classname="com.kenzie.caching.leaderboard.CacheClientInvalidationTest" time="0.005"/>
  <testcase name="setValue_nullKey_throwsIllegalArgumentException()" classname="com.kenzie.caching.leaderboard.CacheClientInvalidationTest" time="0.001"/>
  <system-out><![CDATA[]]></system-out>
  <system-err><![CDATA[]]></system-err>
</testsuite>
