<?xml version="1.0" encoding="UTF-8"?>
<testsuite name="com.kenzie.caching.leaderboard.CachingLeaderboardDaoTest" tests="2" skipped="0" failures="0" errors="0" timestamp="2023-11-21T03:50:54" hostname="adamlaptop.local" time="1.159">
  <properties/>
  <testcase name="getHighScore_cacheHit_returnsCachedData()" classname="com.kenzie.caching.leaderboard.CachingLeaderboardDaoTest" time="1.137"/>
  <testcase name="getHighScore_cacheMiss_returnsDataFrom()" classname="com.kenzie.caching.leaderboard.CachingLeaderboardDaoTest" time="0.016"/>
  <system-out><![CDATA[]]></system-out>
  <system-err><![CDATA[]]></system-err>
</testsuite>
